<?xml version="1.0" encoding="UTF-8"?>
<!-- Generated by org.testng.reporters.JUnitReportReporter -->
<testsuite hostname="LAPTOP-JHDD01NO" failures="0" tests="3" name="TestPackage.Login" time="10.770" errors="0" timestamp="2022-09-16T18:07:29 IST" skipped="0">
  <testcase classname="TestPackage.Login" name="testLogin" time="4.446"/>
  <system-out/>
  <testcase classname="TestPackage.Login" name="testLogin" time="3.175"/>
  <system-out/>
  <testcase classname="TestPackage.Login" name="testLogin" time="3.149"/>
  <system-out/>
</testsuite> <!-- TestPackage.Login -->
